{"/Users/danielsich/Library/CloudStorage/OneDrive-TUM/master/SEBA/vibeevents/backend/src/index.js": {"path":"/Users/danielsich/Library/CloudStorage/OneDrive-TUM/master/SEBA/vibeevents/backend/src/index.js","statementMap":{"0":{"start":{"line":1,"column":0},"end":{"line":1,"column":27}},"1":{"start":{"line":2,"column":16},"end":{"line":2,"column":34}},"2":{"start":{"line":3,"column":15},"end":{"line":3,"column":32}},"3":{"start":{"line":4,"column":13},"end":{"line":4,"column":28}},"4":{"start":{"line":5,"column":15},"end":{"line":5,"column":32}},"5":{"start":{"line":6,"column":17},"end":{"line":6,"column":36}},"6":{"start":{"line":8,"column":21},"end":{"line":8,"column":47}},"7":{"start":{"line":9,"column":21},"end":{"line":9,"column":47}},"8":{"start":{"line":10,"column":21},"end":{"line":10,"column":47}},"9":{"start":{"line":12,"column":12},"end":{"line":12,"column":21}},"10":{"start":{"line":13,"column":13},"end":{"line":13,"column":37}},"11":{"start":{"line":16,"column":0},"end":{"line":16,"column":18}},"12":{"start":{"line":17,"column":0},"end":{"line":17,"column":16}},"13":{"start":{"line":18,"column":0},"end":{"line":18,"column":23}},"14":{"start":{"line":19,"column":0},"end":{"line":19,"column":24}},"15":{"start":{"line":22,"column":0},"end":{"line":22,"column":37}},"16":{"start":{"line":23,"column":0},"end":{"line":23,"column":37}},"17":{"start":{"line":24,"column":0},"end":{"line":24,"column":37}},"18":{"start":{"line":28,"column":0},"end":{"line":34,"column":3}},"19":{"start":{"line":29,"column":2},"end":{"line":29,"column":27}},"20":{"start":{"line":30,"column":2},"end":{"line":33,"column":5}},"21":{"start":{"line":37,"column":20},"end":{"line":53,"column":1}},"22":{"start":{"line":38,"column":2},"end":{"line":52,"column":3}},"23":{"start":{"line":39,"column":4},"end":{"line":42,"column":5}},"24":{"start":{"line":40,"column":6},"end":{"line":40,"column":52}},"25":{"start":{"line":41,"column":6},"end":{"line":41,"column":41}},"26":{"start":{"line":44,"column":19},"end":{"line":46,"column":6}},"27":{"start":{"line":45,"column":6},"end":{"line":45,"column":74}},"28":{"start":{"line":48,"column":4},"end":{"line":48,"column":18}},"29":{"start":{"line":50,"column":4},"end":{"line":50,"column":60}},"30":{"start":{"line":51,"column":4},"end":{"line":51,"column":20}},"31":{"start":{"line":55,"column":0},"end":{"line":55,"column":14}},"32":{"start":{"line":57,"column":0},"end":{"line":57,"column":21}}},"fnMap":{"0":{"name":"(anonymous_0)","decl":{"start":{"line":28,"column":8},"end":{"line":28,"column":9}},"loc":{"start":{"line":28,"column":33},"end":{"line":34,"column":1}},"line":28},"1":{"name":"(anonymous_1)","decl":{"start":{"line":37,"column":20},"end":{"line":37,"column":21}},"loc":{"start":{"line":37,"column":32},"end":{"line":53,"column":1}},"line":37},"2":{"name":"(anonymous_2)","decl":{"start":{"line":44,"column":36},"end":{"line":44,"column":37}},"loc":{"start":{"line":44,"column":42},"end":{"line":46,"column":5}},"line":44}},"branchMap":{"0":{"loc":{"start":{"line":13,"column":13},"end":{"line":13,"column":37}},"type":"binary-expr","locations":[{"start":{"line":13,"column":13},"end":{"line":13,"column":29}},{"start":{"line":13,"column":33},"end":{"line":13,"column":37}}],"line":13},"1":{"loc":{"start":{"line":30,"column":13},"end":{"line":30,"column":30}},"type":"binary-expr","locations":[{"start":{"line":30,"column":13},"end":{"line":30,"column":23}},{"start":{"line":30,"column":27},"end":{"line":30,"column":30}}],"line":30},"2":{"loc":{"start":{"line":32,"column":13},"end":{"line":32,"column":51}},"type":"binary-expr","locations":[{"start":{"line":32,"column":13},"end":{"line":32,"column":24}},{"start":{"line":32,"column":28},"end":{"line":32,"column":51}}],"line":32},"3":{"loc":{"start":{"line":39,"column":4},"end":{"line":42,"column":5}},"type":"if","locations":[{"start":{"line":39,"column":4},"end":{"line":42,"column":5}},{"start":{},"end":{}}],"line":39}},"s":{"0":1,"1":1,"2":1,"3":1,"4":1,"5":1,"6":1,"7":1,"8":1,"9":1,"10":1,"11":1,"12":1,"13":1,"14":1,"15":1,"16":1,"17":1,"18":1,"19":0,"20":0,"21":1,"22":1,"23":1,"24":0,"25":0,"26":1,"27":1,"28":1,"29":0,"30":0,"31":1,"32":1},"f":{"0":0,"1":1,"2":1},"b":{"0":[1,0],"1":[0,0],"2":[0,0],"3":[0,1]},"_coverageSchema":"1a1c01bbd47fc00a2c39e90264f33305004495a9","hash":"2f99efd8df9fc9c7d1f3cb44f19b307484e7e388"}
,"/Users/danielsich/Library/CloudStorage/OneDrive-TUM/master/SEBA/vibeevents/backend/src/controllers/eventController.js": {"path":"/Users/danielsich/Library/CloudStorage/OneDrive-TUM/master/SEBA/vibeevents/backend/src/controllers/eventController.js","statementMap":{"0":{"start":{"line":1,"column":14},"end":{"line":1,"column":40}},"1":{"start":{"line":4,"column":0},"end":{"line":11,"column":2}},"2":{"start":{"line":5,"column":2},"end":{"line":10,"column":3}},"3":{"start":{"line":6,"column":19},"end":{"line":6,"column":56}},"4":{"start":{"line":7,"column":4},"end":{"line":7,"column":46}},"5":{"start":{"line":9,"column":4},"end":{"line":9,"column":14}},"6":{"start":{"line":14,"column":0},"end":{"line":22,"column":2}},"7":{"start":{"line":15,"column":2},"end":{"line":21,"column":3}},"8":{"start":{"line":16,"column":18},"end":{"line":16,"column":53}},"9":{"start":{"line":17,"column":4},"end":{"line":17,"column":92}},"10":{"start":{"line":17,"column":16},"end":{"line":17,"column":92}},"11":{"start":{"line":18,"column":4},"end":{"line":18,"column":45}},"12":{"start":{"line":20,"column":4},"end":{"line":20,"column":14}},"13":{"start":{"line":25,"column":0},"end":{"line":32,"column":2}},"14":{"start":{"line":26,"column":2},"end":{"line":31,"column":3}},"15":{"start":{"line":27,"column":18},"end":{"line":27,"column":46}},"16":{"start":{"line":28,"column":4},"end":{"line":28,"column":57}},"17":{"start":{"line":30,"column":4},"end":{"line":30,"column":14}},"18":{"start":{"line":35,"column":0},"end":{"line":46,"column":2}},"19":{"start":{"line":36,"column":2},"end":{"line":45,"column":3}},"20":{"start":{"line":37,"column":18},"end":{"line":40,"column":6}},"21":{"start":{"line":41,"column":4},"end":{"line":41,"column":92}},"22":{"start":{"line":41,"column":16},"end":{"line":41,"column":92}},"23":{"start":{"line":42,"column":4},"end":{"line":42,"column":45}},"24":{"start":{"line":44,"column":4},"end":{"line":44,"column":14}},"25":{"start":{"line":49,"column":0},"end":{"line":57,"column":2}},"26":{"start":{"line":50,"column":2},"end":{"line":56,"column":3}},"27":{"start":{"line":51,"column":18},"end":{"line":51,"column":62}},"28":{"start":{"line":52,"column":4},"end":{"line":52,"column":92}},"29":{"start":{"line":52,"column":16},"end":{"line":52,"column":92}},"30":{"start":{"line":53,"column":4},"end":{"line":53,"column":27}},"31":{"start":{"line":55,"column":4},"end":{"line":55,"column":14}}},"fnMap":{"0":{"name":"(anonymous_0)","decl":{"start":{"line":4,"column":23},"end":{"line":4,"column":24}},"loc":{"start":{"line":4,"column":49},"end":{"line":11,"column":1}},"line":4},"1":{"name":"(anonymous_1)","decl":{"start":{"line":14,"column":23},"end":{"line":14,"column":24}},"loc":{"start":{"line":14,"column":49},"end":{"line":22,"column":1}},"line":14},"2":{"name":"(anonymous_2)","decl":{"start":{"line":25,"column":22},"end":{"line":25,"column":23}},"loc":{"start":{"line":25,"column":48},"end":{"line":32,"column":1}},"line":25},"3":{"name":"(anonymous_3)","decl":{"start":{"line":35,"column":22},"end":{"line":35,"column":23}},"loc":{"start":{"line":35,"column":48},"end":{"line":46,"column":1}},"line":35},"4":{"name":"(anonymous_4)","decl":{"start":{"line":49,"column":22},"end":{"line":49,"column":23}},"loc":{"start":{"line":49,"column":48},"end":{"line":57,"column":1}},"line":49}},"branchMap":{"0":{"loc":{"start":{"line":17,"column":4},"end":{"line":17,"column":92}},"type":"if","locations":[{"start":{"line":17,"column":4},"end":{"line":17,"column":92}},{"start":{},"end":{}}],"line":17},"1":{"loc":{"start":{"line":41,"column":4},"end":{"line":41,"column":92}},"type":"if","locations":[{"start":{"line":41,"column":4},"end":{"line":41,"column":92}},{"start":{},"end":{}}],"line":41},"2":{"loc":{"start":{"line":52,"column":4},"end":{"line":52,"column":92}},"type":"if","locations":[{"start":{"line":52,"column":4},"end":{"line":52,"column":92}},{"start":{},"end":{}}],"line":52}},"s":{"0":1,"1":1,"2":0,"3":0,"4":0,"5":0,"6":1,"7":0,"8":0,"9":0,"10":0,"11":0,"12":0,"13":1,"14":0,"15":0,"16":0,"17":0,"18":1,"19":0,"20":0,"21":0,"22":0,"23":0,"24":0,"25":1,"26":0,"27":0,"28":0,"29":0,"30":0,"31":0},"f":{"0":0,"1":0,"2":0,"3":0,"4":0},"b":{"0":[0,0],"1":[0,0],"2":[0,0]},"_coverageSchema":"1a1c01bbd47fc00a2c39e90264f33305004495a9","hash":"f0f184b9c273a653aa8b78f0ab25ced9489ad1b3"}
,"/Users/danielsich/Library/CloudStorage/OneDrive-TUM/master/SEBA/vibeevents/backend/src/controllers/orderController.js": {"path":"/Users/danielsich/Library/CloudStorage/OneDrive-TUM/master/SEBA/vibeevents/backend/src/controllers/orderController.js","statementMap":{"0":{"start":{"line":1,"column":14},"end":{"line":1,"column":40}},"1":{"start":{"line":4,"column":0},"end":{"line":16,"column":2}},"2":{"start":{"line":5,"column":2},"end":{"line":15,"column":3}},"3":{"start":{"line":6,"column":19},"end":{"line":6,"column":21}},"4":{"start":{"line":7,"column":4},"end":{"line":7,"column":62}},"5":{"start":{"line":7,"column":27},"end":{"line":7,"column":62}},"6":{"start":{"line":8,"column":4},"end":{"line":8,"column":68}},"7":{"start":{"line":8,"column":29},"end":{"line":8,"column":68}},"8":{"start":{"line":9,"column":4},"end":{"line":9,"column":59}},"9":{"start":{"line":9,"column":26},"end":{"line":9,"column":59}},"10":{"start":{"line":11,"column":19},"end":{"line":11,"column":66}},"11":{"start":{"line":12,"column":4},"end":{"line":12,"column":46}},"12":{"start":{"line":14,"column":4},"end":{"line":14,"column":14}},"13":{"start":{"line":19,"column":0},"end":{"line":27,"column":2}},"14":{"start":{"line":20,"column":2},"end":{"line":26,"column":3}},"15":{"start":{"line":21,"column":18},"end":{"line":21,"column":71}},"16":{"start":{"line":22,"column":4},"end":{"line":22,"column":92}},"17":{"start":{"line":22,"column":16},"end":{"line":22,"column":92}},"18":{"start":{"line":23,"column":4},"end":{"line":23,"column":45}},"19":{"start":{"line":25,"column":4},"end":{"line":25,"column":14}},"20":{"start":{"line":30,"column":0},"end":{"line":52,"column":2}},"21":{"start":{"line":31,"column":2},"end":{"line":51,"column":3}},"22":{"start":{"line":32,"column":53},"end":{"line":32,"column":61}},"23":{"start":{"line":33,"column":24},"end":{"line":33,"column":79}},"24":{"start":{"line":33,"column":49},"end":{"line":33,"column":75}},"25":{"start":{"line":34,"column":23},"end":{"line":34,"column":84}},"26":{"start":{"line":36,"column":23},"end":{"line":36,"column":92}},"27":{"start":{"line":38,"column":18},"end":{"line":46,"column":6}},"28":{"start":{"line":48,"column":4},"end":{"line":48,"column":57}},"29":{"start":{"line":50,"column":4},"end":{"line":50,"column":14}},"30":{"start":{"line":55,"column":0},"end":{"line":68,"column":2}},"31":{"start":{"line":56,"column":2},"end":{"line":67,"column":3}},"32":{"start":{"line":57,"column":23},"end":{"line":57,"column":31}},"33":{"start":{"line":58,"column":18},"end":{"line":62,"column":5}},"34":{"start":{"line":63,"column":4},"end":{"line":63,"column":92}},"35":{"start":{"line":63,"column":16},"end":{"line":63,"column":92}},"36":{"start":{"line":64,"column":4},"end":{"line":64,"column":45}},"37":{"start":{"line":66,"column":4},"end":{"line":66,"column":14}}},"fnMap":{"0":{"name":"(anonymous_0)","decl":{"start":{"line":4,"column":20},"end":{"line":4,"column":21}},"loc":{"start":{"line":4,"column":46},"end":{"line":16,"column":1}},"line":4},"1":{"name":"(anonymous_1)","decl":{"start":{"line":19,"column":26},"end":{"line":19,"column":27}},"loc":{"start":{"line":19,"column":52},"end":{"line":27,"column":1}},"line":19},"2":{"name":"(anonymous_2)","decl":{"start":{"line":30,"column":22},"end":{"line":30,"column":23}},"loc":{"start":{"line":30,"column":48},"end":{"line":52,"column":1}},"line":30},"3":{"name":"(anonymous_3)","decl":{"start":{"line":33,"column":37},"end":{"line":33,"column":38}},"loc":{"start":{"line":33,"column":49},"end":{"line":33,"column":75}},"line":33},"4":{"name":"(anonymous_4)","decl":{"start":{"line":55,"column":28},"end":{"line":55,"column":29}},"loc":{"start":{"line":55,"column":54},"end":{"line":68,"column":1}},"line":55}},"branchMap":{"0":{"loc":{"start":{"line":7,"column":4},"end":{"line":7,"column":62}},"type":"if","locations":[{"start":{"line":7,"column":4},"end":{"line":7,"column":62}},{"start":{},"end":{}}],"line":7},"1":{"loc":{"start":{"line":8,"column":4},"end":{"line":8,"column":68}},"type":"if","locations":[{"start":{"line":8,"column":4},"end":{"line":8,"column":68}},{"start":{},"end":{}}],"line":8},"2":{"loc":{"start":{"line":9,"column":4},"end":{"line":9,"column":59}},"type":"if","locations":[{"start":{"line":9,"column":4},"end":{"line":9,"column":59}},{"start":{},"end":{}}],"line":9},"3":{"loc":{"start":{"line":22,"column":4},"end":{"line":22,"column":92}},"type":"if","locations":[{"start":{"line":22,"column":4},"end":{"line":22,"column":92}},{"start":{},"end":{}}],"line":22},"4":{"loc":{"start":{"line":63,"column":4},"end":{"line":63,"column":92}},"type":"if","locations":[{"start":{"line":63,"column":4},"end":{"line":63,"column":92}},{"start":{},"end":{}}],"line":63}},"s":{"0":1,"1":1,"2":0,"3":0,"4":0,"5":0,"6":0,"7":0,"8":0,"9":0,"10":0,"11":0,"12":0,"13":1,"14":0,"15":0,"16":0,"17":0,"18":0,"19":0,"20":1,"21":0,"22":0,"23":0,"24":0,"25":0,"26":0,"27":0,"28":0,"29":0,"30":1,"31":0,"32":0,"33":0,"34":0,"35":0,"36":0,"37":0},"f":{"0":0,"1":0,"2":0,"3":0,"4":0},"b":{"0":[0,0],"1":[0,0],"2":[0,0],"3":[0,0],"4":[0,0]},"_coverageSchema":"1a1c01bbd47fc00a2c39e90264f33305004495a9","hash":"29eaf1dbcd7e36ff03a22ff13456ef7bb8c031d3"}
,"/Users/danielsich/Library/CloudStorage/OneDrive-TUM/master/SEBA/vibeevents/backend/src/models/Event.js": {"path":"/Users/danielsich/Library/CloudStorage/OneDrive-TUM/master/SEBA/vibeevents/backend/src/models/Event.js","statementMap":{"0":{"start":{"line":1,"column":17},"end":{"line":1,"column":36}},"1":{"start":{"line":3,"column":22},"end":{"line":7,"column":2}},"2":{"start":{"line":9,"column":20},"end":{"line":20,"column":1}},"3":{"start":{"line":22,"column":0},"end":{"line":22,"column":54}}},"fnMap":{},"branchMap":{},"s":{"0":1,"1":1,"2":1,"3":1},"f":{},"b":{},"_coverageSchema":"1a1c01bbd47fc00a2c39e90264f33305004495a9","hash":"5fa78408932845960560dc7823afeb9e960c1b57"}
,"/Users/danielsich/Library/CloudStorage/OneDrive-TUM/master/SEBA/vibeevents/backend/src/models/Order.js": {"path":"/Users/danielsich/Library/CloudStorage/OneDrive-TUM/master/SEBA/vibeevents/backend/src/models/Order.js","statementMap":{"0":{"start":{"line":1,"column":17},"end":{"line":1,"column":36}},"1":{"start":{"line":3,"column":24},"end":{"line":7,"column":2}},"2":{"start":{"line":9,"column":20},"end":{"line":35,"column":1}},"3":{"start":{"line":37,"column":0},"end":{"line":37,"column":54}}},"fnMap":{},"branchMap":{},"s":{"0":1,"1":1,"2":1,"3":1},"f":{},"b":{},"_coverageSchema":"1a1c01bbd47fc00a2c39e90264f33305004495a9","hash":"8add33c328237e945887da96c236ac1a29547382"}
,"/Users/danielsich/Library/CloudStorage/OneDrive-TUM/master/SEBA/vibeevents/backend/src/routes/events.js": {"path":"/Users/danielsich/Library/CloudStorage/OneDrive-TUM/master/SEBA/vibeevents/backend/src/routes/events.js","statementMap":{"0":{"start":{"line":1,"column":16},"end":{"line":1,"column":34}},"1":{"start":{"line":2,"column":15},"end":{"line":2,"column":31}},"2":{"start":{"line":9,"column":4},"end":{"line":9,"column":45}},"3":{"start":{"line":11,"column":0},"end":{"line":11,"column":54}},"4":{"start":{"line":12,"column":0},"end":{"line":12,"column":76}},"5":{"start":{"line":14,"column":0},"end":{"line":14,"column":24}}},"fnMap":{},"branchMap":{},"s":{"0":1,"1":1,"2":1,"3":1,"4":1,"5":1},"f":{},"b":{},"_coverageSchema":"1a1c01bbd47fc00a2c39e90264f33305004495a9","hash":"558ac7c02c547b01297058e9c14397d46f0d89f1"}
,"/Users/danielsich/Library/CloudStorage/OneDrive-TUM/master/SEBA/vibeevents/backend/src/routes/health.js": {"path":"/Users/danielsich/Library/CloudStorage/OneDrive-TUM/master/SEBA/vibeevents/backend/src/routes/health.js","statementMap":{"0":{"start":{"line":1,"column":16},"end":{"line":1,"column":34}},"1":{"start":{"line":2,"column":15},"end":{"line":2,"column":31}},"2":{"start":{"line":8,"column":0},"end":{"line":14,"column":3}},"3":{"start":{"line":9,"column":2},"end":{"line":13,"column":5}},"4":{"start":{"line":16,"column":0},"end":{"line":16,"column":24}}},"fnMap":{"0":{"name":"(anonymous_0)","decl":{"start":{"line":8,"column":16},"end":{"line":8,"column":17}},"loc":{"start":{"line":8,"column":30},"end":{"line":14,"column":1}},"line":8}},"branchMap":{},"s":{"0":1,"1":1,"2":1,"3":1,"4":1},"f":{"0":1},"b":{},"_coverageSchema":"1a1c01bbd47fc00a2c39e90264f33305004495a9","hash":"fbe9ee23d36f9d4e065b28083d58e9ea94654d5b"}
,"/Users/danielsich/Library/CloudStorage/OneDrive-TUM/master/SEBA/vibeevents/backend/src/routes/orders.js": {"path":"/Users/danielsich/Library/CloudStorage/OneDrive-TUM/master/SEBA/vibeevents/backend/src/routes/orders.js","statementMap":{"0":{"start":{"line":1,"column":16},"end":{"line":1,"column":34}},"1":{"start":{"line":2,"column":15},"end":{"line":2,"column":31}},"2":{"start":{"line":8,"column":4},"end":{"line":8,"column":45}},"3":{"start":{"line":10,"column":0},"end":{"line":10,"column":51}},"4":{"start":{"line":11,"column":0},"end":{"line":11,"column":45}},"5":{"start":{"line":12,"column":0},"end":{"line":12,"column":47}},"6":{"start":{"line":14,"column":0},"end":{"line":14,"column":24}}},"fnMap":{},"branchMap":{},"s":{"0":1,"1":1,"2":1,"3":1,"4":1,"5":1,"6":1},"f":{},"b":{},"_coverageSchema":"1a1c01bbd47fc00a2c39e90264f33305004495a9","hash":"815177a37cc3603dbd273234dc215b14295e1324"}
}
